2100-01-01 00:00:26,273 - action_planner.action_planner initiated
2100-01-01 00:00:26,273 - *** unit system: us
2100-01-01 00:00:26,275 - *** condition: 2008_rrr_lyr30
2100-01-01 00:00:29,640 - *** feature_type: maintenance
2100-01-01 00:00:29,793 - ----- ----- ----- ----- ----- ----- ----- ----- -----
2100-01-01 00:00:29,796 -    LOOK UP LIFESPAN MAP DATA
2100-01-01 00:00:29,798 - ----- ----- ----- ----- ----- ----- ----- ----- -----
2100-01-01 00:00:29,803 -    >> Adding lifespan raster for lf_gravin ...
2100-01-01 00:00:29,805 -       Success: Added highest lifespans from gravin (lf).
2100-01-01 00:00:29,806 -    >> Adding lifespan raster for lf_gravou ...
2100-01-01 00:00:29,808 -       Success: Added highest lifespans from gravou (lf).
2100-01-01 00:00:29,811 -    >> Adding lifespan raster for lf_fines ...
2100-01-01 00:00:29,812 -       Success: Added highest lifespans from fines (lf).
2100-01-01 00:00:29,813 -    >> Finished lifespan map look-up.
2100-01-01 00:00:29,815 - ----- ----- ----- ----- ----- ----- ----- ----- -----
2100-01-01 00:00:29,816 -    LOOK UP DESIGN MAP DATA
2100-01-01 00:00:29,818 - ----- ----- ----- ----- ----- ----- ----- ----- -----
2100-01-01 00:00:29,825 -    >> Adding design raster for ds_gravin ...
2100-01-01 00:00:29,901 -       Success: Added applicability of gravin (ds).
2100-01-01 00:00:29,903 -    >> Adding design raster for ds_gravou ...
2100-01-01 00:00:29,918 -       Success: Added applicability of gravou (ds).
2100-01-01 00:00:29,920 -    >> Adding design raster for ds_fines ...
2100-01-01 00:00:29,936 -       Success: Added applicability of fines (ds).
2100-01-01 00:00:29,937 -    >> Adding design raster for ds_fines ...
2100-01-01 00:00:29,953 -       Success: Added applicability of fines (ds).
2100-01-01 00:00:29,954 -    >> Finished design map look-up.
2100-01-01 00:00:29,963 - ----- ----- ----- ----- ----- ----- ----- ----- -----
2100-01-01 00:00:29,963 -    BEST FEATURE ASSESSMENT
2100-01-01 00:00:29,966 - ----- ----- ----- ----- ----- ----- ----- ----- -----
2100-01-01 00:00:29,967 -    >> Identification of features with highest lifespans  ...
2100-01-01 00:00:29,967 -    >> Calculating cell statistics ...
2100-01-01 00:00:29,983 -       -> Extending raster ...
2100-01-01 00:00:29,983 -       -> Applying best performance of lf_fines ...
2100-01-01 00:00:30,005 -        > Saving raster lf_fines *** takes time *** 
2100-01-01 00:00:52,502 -        > Converting lf_fines to polygon ...
2100-01-01 00:00:54,490 -       -> Applying best performance of ds_gravou ...
2100-01-01 00:00:54,529 -        > Saving raster ds_gravou *** takes time *** 
2100-01-01 00:00:58,970 -        > Converting ds_gravou to polygon ...
2100-01-01 00:01:00,779 -       -> Applying best performance of ds_fines ...
2100-01-01 00:01:00,819 -        > Saving raster ds_fines *** takes time *** 
2100-01-01 00:01:05,275 -        > Converting ds_fines to polygon ...
2100-01-01 00:01:07,125 -       -> Applying best performance of lf_gravou ...
2100-01-01 00:01:07,167 -        > Saving raster lf_gravou *** takes time *** 
2100-01-01 00:01:16,253 -        > Converting lf_gravou to polygon ...
2100-01-01 00:01:18,069 -       -> Applying best performance of lf_gravin ...
2100-01-01 00:01:18,109 -        > Saving raster lf_gravin *** takes time *** 
2100-01-01 00:01:22,599 -        > Converting lf_gravin to polygon ...
2100-01-01 00:01:24,403 -       -> Applying best performance of ds_gravin ...
2100-01-01 00:01:24,444 -        > Saving raster ds_gravin *** takes time *** 
2100-01-01 00:01:28,855 -        > Converting ds_gravin to polygon ...
2100-01-01 00:01:30,686 -    >> Setting lifespans of design features to 20 years ...
2100-01-01 00:01:30,723 -    >> Saving maximum lifespan rasters (all features) ...
2100-01-01 00:01:47,598 -    >> Success.
2100-01-01 00:01:47,598 -    >> Best suitable feature shapefiles are stored in:
2100-01-01 00:01:47,601 -       D:\Python\FleXtream\ActionPlanner\Output\Shapefiles\2008_rrr_lyr30\
2100-01-01 00:01:47,602 -    >> Best lifespans raster is stored in:
2100-01-01 00:01:47,604 -       D:\Python\FleXtream\ActionPlanner\Output\Rasters\2008_rrr_lyr30\
2100-01-01 00:01:47,943 - Finished all actions (cActionAssessment).
