2100-01-01 00:00:41,496 - Looking up maximum lifespan action rasters ...
2100-01-01 00:00:41,637 -  >> Vegetation plantings OK.
2100-01-01 00:00:41,637 -  >> Toolbox OK.
2100-01-01 00:00:41,637 -  -- OK (Action raster read)

2100-01-01 00:00:41,637 - Looking up specific toolbox lifespan rasters ...
2100-01-01 00:00:41,637 - D:\Python\FleXtream\ActionPlanner\Products\Rasters\2008_rrr_lyr20\lf_wood
2100-01-01 00:00:41,786 -  >> Large wood / ELJs OK.
2100-01-01 00:00:41,937 -  >> Bioengineering OK.
2100-01-01 00:00:41,937 -  -- OK (Toolbox raster read)

2100-01-01 00:00:41,937 - Assessing best features for plant stabilization.
2100-01-01 00:00:42,006 -  -- OK (Stabilization assessment.)

2100-01-01 00:00:42,006 - Saving results raster ...
2100-01-01 00:00:42,667 -  -- OK (Raster saved.)

2100-01-01 00:00:42,667 - Extracting quantities from geodata ...
2100-01-01 00:00:42,667 -  >> Converting results raster to polygon shapefile ...
2100-01-01 00:00:43,023 -  >> Calculating area statistics ... 
2100-01-01 00:00:43,901 -  >> Adding field (stabilizing feature) ... 
2100-01-01 00:00:43,948 -  >> Evaluating field (stabilizing feature) ... 
2100-01-01 00:00:44,026 -  >> Exporting tables ...
2100-01-01 00:00:44,105 -  -- OK (Quantity export)

2100-01-01 00:00:44,105 - Processing table statistics ...
2100-01-01 00:00:44,105 -  >> Reading D:\Python\FleXtream\ProjectMaker\RRR_exp_v00\Quantities\plant_stab.txt
2100-01-01 00:00:44,121 -      --> File read OK.
2100-01-01 00:00:44,121 -  >> Extracting relevant area sizes ...
2100-01-01 00:00:44,121 -  >> Converting ft2 to acres ...
2100-01-01 00:00:44,121 -  -- OK (Area extraction finished)

2100-01-01 00:00:44,121 - Writing results to costs workbook (sheet: from_geodata) ...
2100-01-01 00:00:44,121 -  >> Writing to D:\Python\FleXtream\ProjectMaker\RRR_exp_v00\RRR_exp_assessment_v00.xlsx
2100-01-01 00:00:44,198 -  -- OK (Write to workbook)

2100-01-01 00:00:44,198 - Cleaning up redundant shapefiles ...
2100-01-01 00:00:44,276 -  -- OK (Clean up)

