2100-01-01 00:00:31,815 - Starting WUA analysis ...
2100-01-01 00:00:31,815 -    * reading project area extents ...
2100-01-01 00:00:34,546 -      ok
2100-01-01 00:00:34,546 -    * looking up project area geofile (ProjectArea) ...
2100-01-01 00:00:35,056 -    * found project area Raster: projectarea
2100-01-01 00:00:35,072 - WUA ANALYSIS FOR CHINOOK SALMON - JUVENILE
2100-01-01 00:00:35,072 -    * creating a copy of WUA_evaluation_template_us.xlsx
2100-01-01 00:00:35,119 -  >> Condition: 2008_rrr_chj
2100-01-01 00:00:35,134 -     -> Looking up discharge information (SR/HabitatEvaluation)...
2100-01-01 00:00:35,134 -    * reading data column from 2008_rrr_chj.xlsx (starting from B4) ...
2100-01-01 00:00:35,134 -    * ok
2100-01-01 00:00:35,134 -    * reading data column from 2008_rrr_chj.xlsx (starting from E4) ...
2100-01-01 00:00:35,151 -    * ok
2100-01-01 00:00:35,151 -     -> Matching CHSI rasters with discharge information ...
2100-01-01 00:00:35,151 -     ---> Usable habitat area assessment for Q = 110000.0cfs
2100-01-01 00:00:35,292 -    * snapping to relevant are of CHSI raster ...
2100-01-01 00:00:35,354 -    * converting CHSI raster to shapefile ...
2100-01-01 00:00:35,947 -    * calculating usable habitat area and 
2100-01-01 00:00:35,947 -      saving project CHSI shapefile of raster D:\Python\FleXtream\HabitatEvaluation\WUA\Rasters\2008_rrr\no_cover\csi_chj110000 to:
2100-01-01 00:00:35,947 -      D:\Python\FleXtream\ProjectMaker\RRR_exp_v00\Geodata\Rasters\2008_rrr\no_cover\0wua_eval.shp
2100-01-01 00:00:36,854 -    * summing area ...
2100-01-01 00:00:36,915 -          ok
2100-01-01 00:00:36,915 -     ---> Usable habitat area assessment for Q = 84000.0cfs
2100-01-01 00:00:37,056 -    * snapping to relevant are of CHSI raster ...
2100-01-01 00:00:37,104 -    * converting CHSI raster to shapefile ...
2100-01-01 00:00:37,509 -    * calculating usable habitat area and 
2100-01-01 00:00:37,509 -      saving project CHSI shapefile of raster D:\Python\FleXtream\HabitatEvaluation\WUA\Rasters\2008_rrr\no_cover\csi_chj84000 to:
2100-01-01 00:00:37,526 -      D:\Python\FleXtream\ProjectMaker\RRR_exp_v00\Geodata\Rasters\2008_rrr\no_cover\1wua_eval.shp
2100-01-01 00:00:38,447 -    * summing area ...
2100-01-01 00:00:38,634 -          ok
2100-01-01 00:00:38,634 -     ---> Usable habitat area assessment for Q = 42000.0cfs
2100-01-01 00:00:38,805 -    * snapping to relevant are of CHSI raster ...
2100-01-01 00:00:38,852 -    * converting CHSI raster to shapefile ...
2100-01-01 00:00:39,259 -    * calculating usable habitat area and 
2100-01-01 00:00:39,259 -      saving project CHSI shapefile of raster D:\Python\FleXtream\HabitatEvaluation\WUA\Rasters\2008_rrr\no_cover\csi_chj42000 to:
2100-01-01 00:00:39,259 -      D:\Python\FleXtream\ProjectMaker\RRR_exp_v00\Geodata\Rasters\2008_rrr\no_cover\2wua_eval.shp
2100-01-01 00:00:40,197 -    * summing area ...
2100-01-01 00:00:40,259 -          ok
2100-01-01 00:00:40,259 -     ---> Usable habitat area assessment for Q = 21000.0cfs
2100-01-01 00:00:40,414 -    * snapping to relevant are of CHSI raster ...
2100-01-01 00:00:40,461 -    * converting CHSI raster to shapefile ...
2100-01-01 00:00:40,836 -    * calculating usable habitat area and 
2100-01-01 00:00:40,836 -      saving project CHSI shapefile of raster D:\Python\FleXtream\HabitatEvaluation\WUA\Rasters\2008_rrr\no_cover\csi_chj21000 to:
2100-01-01 00:00:40,836 -      D:\Python\FleXtream\ProjectMaker\RRR_exp_v00\Geodata\Rasters\2008_rrr\no_cover\3wua_eval.shp
2100-01-01 00:00:41,884 -    * summing area ...
2100-01-01 00:00:41,993 -          ok
2100-01-01 00:00:41,993 -     ---> Usable habitat area assessment for Q = 5000.0cfs
2100-01-01 00:00:42,134 -    * snapping to relevant are of CHSI raster ...
2100-01-01 00:00:42,180 -    * converting CHSI raster to shapefile ...
2100-01-01 00:00:42,717 -    * calculating usable habitat area and 
2100-01-01 00:00:42,717 -      saving project CHSI shapefile of raster D:\Python\FleXtream\HabitatEvaluation\WUA\Rasters\2008_rrr\no_cover\csi_chj5000 to:
2100-01-01 00:00:42,717 -      D:\Python\FleXtream\ProjectMaker\RRR_exp_v00\Geodata\Rasters\2008_rrr\no_cover\4wua_eval.shp
2100-01-01 00:00:43,506 -    * summing area ...
2100-01-01 00:00:43,596 -          ok
2100-01-01 00:00:43,596 -     ---> Usable habitat area assessment for Q = 1000.0cfs
2100-01-01 00:00:43,746 -    * snapping to relevant are of CHSI raster ...
2100-01-01 00:00:43,786 -    * converting CHSI raster to shapefile ...
2100-01-01 00:00:44,256 -    * calculating usable habitat area and 
2100-01-01 00:00:44,266 -      saving project CHSI shapefile of raster D:\Python\FleXtream\HabitatEvaluation\WUA\Rasters\2008_rrr\no_cover\csi_chj1000 to:
2100-01-01 00:00:44,266 -      D:\Python\FleXtream\ProjectMaker\RRR_exp_v00\Geodata\Rasters\2008_rrr\no_cover\5wua_eval.shp
2100-01-01 00:00:45,088 -    * summing area ...
2100-01-01 00:00:45,135 -          ok
2100-01-01 00:00:45,135 -     ---> Usable habitat area assessment for Q = 880.0cfs
2100-01-01 00:00:45,292 -    * snapping to relevant are of CHSI raster ...
2100-01-01 00:00:45,323 -    * converting CHSI raster to shapefile ...
2100-01-01 00:00:45,744 -    * calculating usable habitat area and 
2100-01-01 00:00:45,744 -      saving project CHSI shapefile of raster D:\Python\FleXtream\HabitatEvaluation\WUA\Rasters\2008_rrr\no_cover\csi_chj880 to:
2100-01-01 00:00:45,744 -      D:\Python\FleXtream\ProjectMaker\RRR_exp_v00\Geodata\Rasters\2008_rrr\no_cover\6wua_eval.shp
2100-01-01 00:00:46,479 -    * summing area ...
2100-01-01 00:00:46,588 -          ok
2100-01-01 00:00:46,588 -     ---> Usable habitat area assessment for Q = 700.0cfs
2100-01-01 00:00:46,729 -    * snapping to relevant are of CHSI raster ...
2100-01-01 00:00:46,776 -    * converting CHSI raster to shapefile ...
2100-01-01 00:00:47,151 -    * calculating usable habitat area and 
2100-01-01 00:00:47,151 -      saving project CHSI shapefile of raster D:\Python\FleXtream\HabitatEvaluation\WUA\Rasters\2008_rrr\no_cover\csi_chj700 to:
2100-01-01 00:00:47,151 -      D:\Python\FleXtream\ProjectMaker\RRR_exp_v00\Geodata\Rasters\2008_rrr\no_cover\7wua_eval.shp
2100-01-01 00:00:47,917 -    * summing area ...
2100-01-01 00:00:48,056 -          ok
2100-01-01 00:00:48,056 -     ---> Usable habitat area assessment for Q = 530.0cfs
2100-01-01 00:00:48,197 -    * snapping to relevant are of CHSI raster ...
2100-01-01 00:00:48,244 -    * converting CHSI raster to shapefile ...
2100-01-01 00:00:48,634 -    * calculating usable habitat area and 
2100-01-01 00:00:48,651 -      saving project CHSI shapefile of raster D:\Python\FleXtream\HabitatEvaluation\WUA\Rasters\2008_rrr\no_cover\csi_chj530 to:
2100-01-01 00:00:48,651 -      D:\Python\FleXtream\ProjectMaker\RRR_exp_v00\Geodata\Rasters\2008_rrr\no_cover\8wua_eval.shp
2100-01-01 00:00:49,384 -    * summing area ...
2100-01-01 00:00:49,493 -          ok
2100-01-01 00:00:49,493 -     -> Writing discharges and usable area to D:\Python\FleXtream\ProjectMaker\RRR_exp_v00\Geodata\WUA_evaluation_chj.xlsx ...
2100-01-01 00:00:49,493 -     -> ok
2100-01-01 00:00:49,493 -  >> Condition: 2008_rrr_lyr10_chj
2100-01-01 00:00:49,509 -     -> Looking up discharge information (SR/HabitatEvaluation)...
2100-01-01 00:00:49,509 -    * reading data column from 2008_rrr_lyr10_chj.xlsx (starting from B4) ...
2100-01-01 00:00:49,509 -    * ok
2100-01-01 00:00:49,526 -    * reading data column from 2008_rrr_lyr10_chj.xlsx (starting from E4) ...
2100-01-01 00:00:49,526 -    * ok
2100-01-01 00:00:49,526 -     -> Matching CHSI rasters with discharge information ...
2100-01-01 00:00:49,526 -     ---> Usable habitat area assessment for Q = 110000.0cfs
2100-01-01 00:00:49,556 -    * snapping to relevant are of CHSI raster ...
2100-01-01 00:00:49,588 -    * converting CHSI raster to shapefile ...
2100-01-01 00:00:49,868 -    * calculating usable habitat area and 
2100-01-01 00:00:49,868 -      saving project CHSI shapefile of raster D:\Python\FleXtream\HabitatEvaluation\WUA\Rasters\2008_rrr_lyr10\cover\csi_chj110000 to:
2100-01-01 00:00:49,868 -      D:\Python\FleXtream\ProjectMaker\RRR_exp_v00\Geodata\Rasters\2008_rrr_lyr10\cover\9wua_eval.shp
2100-01-01 00:00:50,026 - ExecuteERROR: (arcpy) in CalculateAreas_stats.
2100-01-01 00:00:50,026 - ERROR 000641: Too few records for analysis.  This tool requires at least 1 feature(s) to compute results.
Failed to execute (CalculateAreas).

2100-01-01 00:00:50,026 -          ok
2100-01-01 00:00:50,040 -     ---> Usable habitat area assessment for Q = 84000.0cfs
2100-01-01 00:00:50,056 -    * snapping to relevant are of CHSI raster ...
2100-01-01 00:00:50,088 -    * converting CHSI raster to shapefile ...
2100-01-01 00:00:50,368 -    * calculating usable habitat area and 
2100-01-01 00:00:50,368 -      saving project CHSI shapefile of raster D:\Python\FleXtream\HabitatEvaluation\WUA\Rasters\2008_rrr_lyr10\cover\csi_chj84000 to:
2100-01-01 00:00:50,368 -      D:\Python\FleXtream\ProjectMaker\RRR_exp_v00\Geodata\Rasters\2008_rrr_lyr10\cover\10wua_eval.shp
2100-01-01 00:00:50,525 - ExecuteERROR: (arcpy) in CalculateAreas_stats.
2100-01-01 00:00:50,525 - ERROR 000641: Too few records for analysis.  This tool requires at least 1 feature(s) to compute results.
Failed to execute (CalculateAreas).

2100-01-01 00:00:50,525 -          ok
2100-01-01 00:00:50,525 -     ---> Usable habitat area assessment for Q = 42000.0cfs
2100-01-01 00:00:50,540 -    * snapping to relevant are of CHSI raster ...
2100-01-01 00:00:50,588 -    * converting CHSI raster to shapefile ...
2100-01-01 00:00:50,868 -    * calculating usable habitat area and 
2100-01-01 00:00:50,868 -      saving project CHSI shapefile of raster D:\Python\FleXtream\HabitatEvaluation\WUA\Rasters\2008_rrr_lyr10\cover\csi_chj42000 to:
2100-01-01 00:00:50,868 -      D:\Python\FleXtream\ProjectMaker\RRR_exp_v00\Geodata\Rasters\2008_rrr_lyr10\cover\11wua_eval.shp
2100-01-01 00:00:51,025 - ExecuteERROR: (arcpy) in CalculateAreas_stats.
2100-01-01 00:00:51,025 - ERROR 000641: Too few records for analysis.  This tool requires at least 1 feature(s) to compute results.
Failed to execute (CalculateAreas).

2100-01-01 00:00:51,025 -          ok
2100-01-01 00:00:51,025 -     ---> Usable habitat area assessment for Q = 21000.0cfs
2100-01-01 00:00:51,056 -    * snapping to relevant are of CHSI raster ...
2100-01-01 00:00:51,088 -    * converting CHSI raster to shapefile ...
2100-01-01 00:00:51,463 -    * calculating usable habitat area and 
2100-01-01 00:00:51,463 -      saving project CHSI shapefile of raster D:\Python\FleXtream\HabitatEvaluation\WUA\Rasters\2008_rrr_lyr10\cover\csi_chj21000 to:
2100-01-01 00:00:51,477 -      D:\Python\FleXtream\ProjectMaker\RRR_exp_v00\Geodata\Rasters\2008_rrr_lyr10\cover\12wua_eval.shp
2100-01-01 00:00:52,243 -    * summing area ...
2100-01-01 00:00:52,338 -          ok
2100-01-01 00:00:52,338 -     ---> Usable habitat area assessment for Q = 5000.0cfs
2100-01-01 00:00:52,352 -    * snapping to relevant are of CHSI raster ...
2100-01-01 00:00:52,400 -    * converting CHSI raster to shapefile ...
2100-01-01 00:00:52,836 -    * calculating usable habitat area and 
2100-01-01 00:00:52,836 -      saving project CHSI shapefile of raster D:\Python\FleXtream\HabitatEvaluation\WUA\Rasters\2008_rrr_lyr10\cover\csi_chj5000 to:
2100-01-01 00:00:52,836 -      D:\Python\FleXtream\ProjectMaker\RRR_exp_v00\Geodata\Rasters\2008_rrr_lyr10\cover\13wua_eval.shp
2100-01-01 00:00:53,822 -    * summing area ...
2100-01-01 00:00:53,900 -          ok
2100-01-01 00:00:53,900 -     ---> Usable habitat area assessment for Q = 1000.0cfs
2100-01-01 00:00:53,930 -    * snapping to relevant are of CHSI raster ...
2100-01-01 00:00:53,961 -    * converting CHSI raster to shapefile ...
2100-01-01 00:00:54,336 -    * calculating usable habitat area and 
2100-01-01 00:00:54,352 -      saving project CHSI shapefile of raster D:\Python\FleXtream\HabitatEvaluation\WUA\Rasters\2008_rrr_lyr10\cover\csi_chj1000 to:
2100-01-01 00:00:54,352 -      D:\Python\FleXtream\ProjectMaker\RRR_exp_v00\Geodata\Rasters\2008_rrr_lyr10\cover\14wua_eval.shp
2100-01-01 00:00:55,368 -    * summing area ...
2100-01-01 00:00:55,430 -          ok
2100-01-01 00:00:55,430 -     ---> Usable habitat area assessment for Q = 880.0cfs
2100-01-01 00:00:55,461 -    * snapping to relevant are of CHSI raster ...
2100-01-01 00:00:55,493 -    * converting CHSI raster to shapefile ...
2100-01-01 00:00:55,884 -    * calculating usable habitat area and 
2100-01-01 00:00:55,884 -      saving project CHSI shapefile of raster D:\Python\FleXtream\HabitatEvaluation\WUA\Rasters\2008_rrr_lyr10\cover\csi_chj880 to:
2100-01-01 00:00:55,898 -      D:\Python\FleXtream\ProjectMaker\RRR_exp_v00\Geodata\Rasters\2008_rrr_lyr10\cover\15wua_eval.shp
2100-01-01 00:00:56,868 -    * summing area ...
2100-01-01 00:00:56,946 -          ok
2100-01-01 00:00:56,946 -     ---> Usable habitat area assessment for Q = 700.0cfs
2100-01-01 00:00:56,976 -    * snapping to relevant are of CHSI raster ...
2100-01-01 00:00:57,007 -    * converting CHSI raster to shapefile ...
2100-01-01 00:00:57,414 -    * calculating usable habitat area and 
2100-01-01 00:00:57,414 -      saving project CHSI shapefile of raster D:\Python\FleXtream\HabitatEvaluation\WUA\Rasters\2008_rrr_lyr10\cover\csi_chj700 to:
2100-01-01 00:00:57,414 -      D:\Python\FleXtream\ProjectMaker\RRR_exp_v00\Geodata\Rasters\2008_rrr_lyr10\cover\16wua_eval.shp
2100-01-01 00:00:58,367 -    * summing area ...
2100-01-01 00:00:58,460 -          ok
2100-01-01 00:00:58,460 -     ---> Usable habitat area assessment for Q = 530.0cfs
2100-01-01 00:00:58,476 -    * snapping to relevant are of CHSI raster ...
2100-01-01 00:00:58,523 -    * converting CHSI raster to shapefile ...
2100-01-01 00:00:59,039 -    * calculating usable habitat area and 
2100-01-01 00:00:59,039 -      saving project CHSI shapefile of raster D:\Python\FleXtream\HabitatEvaluation\WUA\Rasters\2008_rrr_lyr10\cover\csi_chj530 to:
2100-01-01 00:00:59,039 -      D:\Python\FleXtream\ProjectMaker\RRR_exp_v00\Geodata\Rasters\2008_rrr_lyr10\cover\17wua_eval.shp
2100-01-01 00:00:59,819 -    * summing area ...
2100-01-01 00:00:59,898 -          ok
2100-01-01 00:00:59,898 -     -> Writing discharges and usable area to D:\Python\FleXtream\ProjectMaker\RRR_exp_v00\Geodata\WUA_evaluation_chj.xlsx ...
2100-01-01 00:00:59,898 -     -> ok
2100-01-01 00:00:59,898 -  >> Saving and closing D:\Python\FleXtream\ProjectMaker\RRR_exp_v00\Geodata\WUA_evaluation_chj.xlsx ...
2100-01-01 00:00:59,898 -    * saving xlsx as:D:\Python\FleXtream\ProjectMaker\RRR_exp_v00\Geodata\WUA_evaluation_chj.xlsx
2100-01-01 00:00:59,960 -    * ok
2100-01-01 00:01:00,039 -    * resetting .cache (arcpy.Delete_management) ...
2100-01-01 00:01:00,664 -    * ok
2100-01-01 00:01:00,664 -  >> Transferring results (net WUA gain) to cost table ...
2100-01-01 00:01:00,664 -    * creating a copy of RRR_exp_assessment_v00.xlsx
2100-01-01 00:01:00,710 -    * saving xlsx as:D:\Python\FleXtream\ProjectMaker\RRR_exp_v00\RRR_exp_assessment_v00_chj.xlsx
2100-01-01 00:01:00,742 -    * ok
2100-01-01 00:01:00,742 -  >> CHECK RESULTS IN: D:\Python\FleXtream\ProjectMaker\RRR_exp_v00\RRR_exp_assessment_v00_chj.xlsx
2100-01-01 00:01:00,756 -    * clearing .cache (arcpy.Delete_management) ...
2100-01-01 00:01:00,773 -    * ok
