2100-01-01 00:06:11,552 - Looking up Action Rasters ...
2100-01-01 00:06:14,510 -  >> Source directory: D:\Python\FleXtream\ActionPlanner\Products\Rasters\2008_rrr_lyr20\
2100-01-01 00:06:14,526 -    -- found: D:\Python\FleXtream\ActionPlanner\Products\Rasters\2008_rrr_lyr20\lf_box
2100-01-01 00:06:14,558 -    -- found: D:\Python\FleXtream\ActionPlanner\Products\Rasters\2008_rrr_lyr20\lf_cot
2100-01-01 00:06:14,572 -    -- found: D:\Python\FleXtream\ActionPlanner\Products\Rasters\2008_rrr_lyr20\lf_whi
2100-01-01 00:06:14,605 -    -- found: D:\Python\FleXtream\ActionPlanner\Products\Rasters\2008_rrr_lyr20\lf_wil
2100-01-01 00:06:14,651 -  -- OK (Action raster read)

2100-01-01 00:06:14,651 - Converting Project Shapefile to Raster ...
2100-01-01 00:06:15,808 -  -- OK. Loading Project raster ...
2100-01-01 00:06:15,947 -  -- OK (Shapefile2Raster conversion)

2100-01-01 00:06:15,947 - Analyzing optimum plant types in project area ...
2100-01-01 00:06:15,947 -  >> Cropping maximum lifespans (action) raster ... 
2100-01-01 00:06:15,994 -  >> Saving crop ... 
2100-01-01 00:06:16,417 -  -- OK 
2100-01-01 00:06:16,417 -  >> Plant action raster: D:\Python\FleXtream\ActionPlanner\Products\Rasters\2008_rrr_lyr20\lf_box
2100-01-01 00:06:16,494 -  >> Saving raster ... 
2100-01-01 00:06:16,917 -  >> Converting to shapefile (polygon for area statistics) ... 
2100-01-01 00:06:17,338 -  >> Calculating area statistics ... 
2100-01-01 00:06:18,229 -  >> Plant action raster: D:\Python\FleXtream\ActionPlanner\Products\Rasters\2008_rrr_lyr20\lf_whi
2100-01-01 00:06:18,306 -  >> Saving raster ... 
2100-01-01 00:06:18,713 -  >> Converting to shapefile (polygon for area statistics) ... 
2100-01-01 00:06:19,104 -  >> Calculating area statistics ... 
2100-01-01 00:06:19,868 -  >> Plant action raster: D:\Python\FleXtream\ActionPlanner\Products\Rasters\2008_rrr_lyr20\lf_wil
2100-01-01 00:06:19,947 -  >> Saving raster ... 
2100-01-01 00:06:20,352 -  >> Converting to shapefile (polygon for area statistics) ... 
2100-01-01 00:06:20,805 -  >> Calculating area statistics ... 
2100-01-01 00:06:21,634 -  >> Plant action raster: D:\Python\FleXtream\ActionPlanner\Products\Rasters\2008_rrr_lyr20\lf_cot
2100-01-01 00:06:21,727 -  >> Saving raster ... 
2100-01-01 00:06:22,164 -  >> Converting to shapefile (polygon for area statistics) ... 
2100-01-01 00:06:22,602 -  >> Calculating area statistics ... 
2100-01-01 00:06:23,634 -  -- OK (Shapefile and raster analyses)

2100-01-01 00:06:23,634 - Calculating area statistics of plants to be cleared for construction ...
2100-01-01 00:06:24,898 -  -- OK (Statistic calculation)

2100-01-01 00:06:24,898 - Cleaning up redundant shapefiles ...
2100-01-01 00:06:25,086 -  -- OK (Clean up)

2100-01-01 00:06:25,086 - Exporting table statistics ...
2100-01-01 00:06:25,086 -  >> Exporting D:\Python\FleXtream\ProjectMaker\RRR_exp_v00\Geodata\Shapefiles\PlantClearing_stat.shp area ...
2100-01-01 00:06:25,180 -  >> Exporting D:\Python\FleXtream\ProjectMaker\RRR_exp_v00\Geodata\Shapefiles\lf_box.shp area ...
2100-01-01 00:06:25,257 -  >> Exporting D:\Python\FleXtream\ProjectMaker\RRR_exp_v00\Geodata\Shapefiles\lf_whi.shp area ...
2100-01-01 00:06:25,321 -  >> Exporting D:\Python\FleXtream\ProjectMaker\RRR_exp_v00\Geodata\Shapefiles\lf_wil.shp area ...
2100-01-01 00:06:25,398 -  >> Exporting D:\Python\FleXtream\ProjectMaker\RRR_exp_v00\Geodata\Shapefiles\lf_cot.shp area ...
2100-01-01 00:06:25,476 -  -- OK (Table export)

2100-01-01 00:06:25,476 - Processing table statistics ...
2100-01-01 00:06:25,476 -  >> Reading D:\Python\FleXtream\ProjectMaker\RRR_exp_v00\Quantities\plant_clearing.txt
2100-01-01 00:06:25,476 -      --> File read OK.
2100-01-01 00:06:25,493 -      --> Extracting relevant area ...
2100-01-01 00:06:25,493 -      --> OK
2100-01-01 00:06:25,493 -  >> Reading D:\Python\FleXtream\ProjectMaker\RRR_exp_v00\Quantities\plant_lf_box.txt
2100-01-01 00:06:25,493 -      --> File read OK.
2100-01-01 00:06:25,493 -      --> Extracting relevant area ...
2100-01-01 00:06:25,493 -      --> OK
2100-01-01 00:06:25,493 -  >> Reading D:\Python\FleXtream\ProjectMaker\RRR_exp_v00\Quantities\plant_lf_whi.txt
2100-01-01 00:06:25,493 -      --> File read OK.
2100-01-01 00:06:25,493 -      --> Extracting relevant area ...
2100-01-01 00:06:25,493 -      --> OK
2100-01-01 00:06:25,507 -  >> Reading D:\Python\FleXtream\ProjectMaker\RRR_exp_v00\Quantities\plant_lf_wil.txt
2100-01-01 00:06:25,507 -      --> File read OK.
2100-01-01 00:06:25,507 -      --> Extracting relevant area ...
2100-01-01 00:06:25,507 -      --> OK
2100-01-01 00:06:25,507 -  >> Reading D:\Python\FleXtream\ProjectMaker\RRR_exp_v00\Quantities\plant_lf_cot.txt
2100-01-01 00:06:25,507 -      --> File read OK.
2100-01-01 00:06:25,507 -      --> Extracting relevant area ...
2100-01-01 00:06:25,507 -      --> OK
2100-01-01 00:06:25,507 -  -- OK (Area extraction finished)

2100-01-01 00:06:25,523 - Writing results ...
2100-01-01 00:06:25,523 -  >> Writing to D:\Python\FleXtream\ProjectMaker\RRR_exp_v00\RRR_exp_assessment_v00.xlsx
2100-01-01 00:06:25,601 -  -- OK (Write to workbook)

2100-01-01 00:06:25,601 -  -- OK (PLANT DELINEATION FINISHED)

